ncnn-android-yolov8-percobaan5/app/build/intermediates/manifest_merge_blame_file/debug/manifest-merger-blame-debug-report.txt
1<?xml version="1.0" encoding="utf-8"?>
2<manifest xmlns:android="http://schemas.android.com/apk/res/android"
3    package="bai.bcp.yolov8ncnn"
4    android:versionCode="1"
5    android:versionName="1.0" >
6
7    <uses-sdk
8        android:minSdkVersion="24"
8-->src\main\AndroidManifest.xml
9        android:targetSdkVersion="24" />
9-->src\main\AndroidManifest.xml
10
11    <uses-permission android:name="android.permission.CAMERA" />
11-->src\main\AndroidManifest.xml:4:5-65
11-->src\main\AndroidManifest.xml:4:22-62
12    <uses-permission android:name="android.permission.WRITE_EXTERNAL_STORAGE" />
12-->src\main\AndroidManifest.xml:5:5-81
12-->src\main\AndroidManifest.xml:5:22-78
13    <uses-permission android:name="android.permission.READ_EXTERNAL_STORAGE" />
13-->src\main\AndroidManifest.xml:6:5-80
13-->src\main\AndroidManifest.xml:6:22-77
14
15    <uses-feature android:name="android.hardware.camera2.full" />
15-->src\main\AndroidManifest.xml:7:5-66
15-->src\main\AndroidManifest.xml:7:19-63
16    <uses-feature
16-->src\main\AndroidManifest.xml:8:5-10:36
17        android:name="android.hardware.camera"
17-->src\main\AndroidManifest.xml:9:9-47
18        android:required="false" />
18-->src\main\AndroidManifest.xml:10:9-33
19
20    <uses-permission android:name="android.permission.INTERNET" />
20-->[com.github.wseemann:FFmpegMediaMetadataRetriever-core:1.0.15] AndroidManifest.xml:11:5-67
20-->[com.github.wseemann:FFmpegMediaMetadataRetriever-core:1.0.15] AndroidManifest.xml:11:22-64
21    <uses-permission android:name="android.permission.GET_TASKS" />
21-->[com.zxy.android:recovery:1.0.0] AndroidManifest.xml:11:5-68
21-->[com.zxy.android:recovery:1.0.0] AndroidManifest.xml:11:22-65
22
23    <application
23-->src\main\AndroidManifest.xml:12:5-22:19
24        android:appComponentFactory="androidx.core.app.CoreComponentFactory"
24-->[androidx.core:core:1.2.0] AndroidManifest.xml:24:18-86
25        android:debuggable="true"
26        android:extractNativeLibs="false"
27        android:label="@string/app_name"
27-->src\main\AndroidManifest.xml:12:18-50
28        android:testOnly="true" >
29        <activity
29-->src\main\AndroidManifest.xml:13:9-21:20
30            android:name="bai.bcp.yolov8ncnn.MainActivity"
30-->src\main\AndroidManifest.xml:13:19-46
31            android:label="BCP v8n (BETA)"
31-->src\main\AndroidManifest.xml:14:19-49
32            android:screenOrientation="portrait"
32-->src\main\AndroidManifest.xml:16:19-55
33            android:theme="@style/AppTheme" >
33-->src\main\AndroidManifest.xml:15:19-50
34            <intent-filter>
34-->src\main\AndroidManifest.xml:17:13-20:29
35                <action android:name="android.intent.action.MAIN" />
35-->src\main\AndroidManifest.xml:18:17-69
35-->src\main\AndroidManifest.xml:18:25-66
36
37                <category android:name="android.intent.category.LAUNCHER" />
37-->src\main\AndroidManifest.xml:19:17-77
37-->src\main\AndroidManifest.xml:19:27-74
38            </intent-filter>
39        </activity>
40
41        <provider
41-->[androidx.camera:camera-camera2:1.0.0-alpha05] AndroidManifest.xml:25:9-30:43
42            android:name="androidx.camera.camera2.impl.Camera2Initializer"
42-->[androidx.camera:camera-camera2:1.0.0-alpha05] AndroidManifest.xml:26:13-75
43            android:authorities="bai.bcp.yolov8ncnn.camerax-init"
43-->[androidx.camera:camera-camera2:1.0.0-alpha05] AndroidManifest.xml:27:13-64
44            android:exported="false"
44-->[androidx.camera:camera-camera2:1.0.0-alpha05] AndroidManifest.xml:28:13-37
45            android:initOrder="100"
45-->[androidx.camera:camera-camera2:1.0.0-alpha05] AndroidManifest.xml:29:13-36
46            android:multiprocess="true" />
46-->[androidx.camera:camera-camera2:1.0.0-alpha05] AndroidManifest.xml:30:13-40
47
48        <activity
48-->[com.zxy.android:recovery:1.0.0] AndroidManifest.xml:16:9-23:20
49            android:name="com.zxy.recovery.core.RecoveryActivity"
49-->[com.zxy.android:recovery:1.0.0] AndroidManifest.xml:17:13-66
50            android:excludeFromRecents="true"
50-->[com.zxy.android:recovery:1.0.0] AndroidManifest.xml:18:13-46
51            android:noHistory="true"
51-->[com.zxy.android:recovery:1.0.0] AndroidManifest.xml:19:13-37
52            android:process=":recover"
52-->[com.zxy.android:recovery:1.0.0] AndroidManifest.xml:20:13-39
53            android:screenOrientation="portrait"
53-->[com.zxy.android:recovery:1.0.0] AndroidManifest.xml:21:13-49
54            android:theme="@style/RecoveryTheme.NoActionBar" >
54-->[com.zxy.android:recovery:1.0.0] AndroidManifest.xml:22:13-61
55        </activity>
56
57        <service
57-->[com.zxy.android:recovery:1.0.0] AndroidManifest.xml:25:9-30:19
58            android:name="com.zxy.recovery.core.RecoveryService"
58-->[com.zxy.android:recovery:1.0.0] AndroidManifest.xml:26:13-65
59            android:enabled="true"
59-->[com.zxy.android:recovery:1.0.0] AndroidManifest.xml:27:13-35
60            android:exported="false"
60-->[com.zxy.android:recovery:1.0.0] AndroidManifest.xml:28:13-37
61            android:process=":recover" >
61-->[com.zxy.android:recovery:1.0.0] AndroidManifest.xml:29:13-39
62        </service>
63    </application>
64
65</manifest>